2025-02-22 20:44:15,883 - __main__ - INFO - Loading raw data
2025-02-22 20:44:15,905 - __main__ - INFO - Loaded dataset with shape: (7043, 21)
2025-02-22 20:44:15,905 - __main__ - INFO - Creating initial data visualizations
2025-02-22 20:44:15,905 - src.visualization.visualizer - INFO - Plotting feature distributions
2025-02-22 20:45:20,765 - src.visualization.visualizer - INFO - Plotting correlation matrix
2025-02-22 20:45:20,992 - __main__ - INFO - Preprocessing data
2025-02-22 20:45:20,992 - src.data.preprocessor - INFO - Starting data preparation
2025-02-22 20:45:20,993 - src.data.preprocessor - INFO - Handling missing values
2025-02-22 20:45:21,020 - src.data.preprocessor - INFO - Encoding categorical features
2025-02-22 20:45:21,031 - src.data.preprocessor - INFO - Scaling numerical features
2025-02-22 20:45:21,034 - src.data.preprocessor - INFO - Data preparation completed successfully
2025-02-22 20:45:21,034 - src.data.preprocessor - INFO - Splitting data into train and test sets
2025-02-22 20:45:21,038 - __main__ - INFO - Training set shape: (5634, 13), Test set shape: (1409, 13)
2025-02-22 20:45:21,038 - __main__ - INFO - Initializing model
2025-02-22 20:45:21,038 - __main__ - INFO - Training model
2025-02-22 20:45:21,038 - src.models.model_trainer - INFO - Starting model training
2025-02-22 20:45:21,618 - src.models.model_trainer - INFO - Model training completed successfully
2025-02-22 20:45:21,618 - __main__ - INFO - Evaluating model
2025-02-22 20:45:21,618 - src.models.model_trainer - INFO - Evaluating model performance
2025-02-22 20:45:21,634 - src.models.model_trainer - INFO - Model evaluation metrics: {'accuracy': 0.8062455642299503, 'precision': 0.6980392156862745, 'recall': 0.47593582887700536, 'f1_score': 0.5659777424483307, 'roc_auc': np.float64(0.8443333591671187)}
2025-02-22 20:45:21,635 - src.visualization.visualizer - INFO - Plotting feature importance
2025-02-22 20:45:21,803 - __main__ - INFO - Generating SHAP values
2025-02-22 20:45:21,803 - src.models.model_trainer - INFO - Generating SHAP values for predictions
2025-02-22 20:45:22,243 - src.visualization.visualizer - INFO - Creating SHAP summary plot
2025-02-22 20:45:22,947 - src.visualization.visualizer - INFO - Plotting model metrics
2025-02-22 20:45:23,135 - src.models.model_trainer - INFO - Model saved successfully to /Users/aakash/NewJourny/UpWork/Predictive-Customer-Churn-Analyzer/models/churn_model_20250222_204523.pkl
2025-02-22 20:45:23,136 - __main__ - INFO - Model training completed. Model saved at: /Users/aakash/NewJourny/UpWork/Predictive-Customer-Churn-Analyzer/models/churn_model_20250222_204523.pkl
2025-02-22 20:45:23,136 - __main__ - INFO - Model metrics: {'accuracy': 0.8062455642299503, 'precision': 0.6980392156862745, 'recall': 0.47593582887700536, 'f1_score': 0.5659777424483307, 'roc_auc': np.float64(0.8443333591671187)}
2025-02-22 20:45:48,577 - src.models.model_trainer - INFO - Model loaded successfully from /Users/aakash/NewJourny/UpWork/Predictive-Customer-Churn-Analyzer/models/churn_model_20250222_204523.pkl
2025-02-22 20:47:47,869 - src.models.model_trainer - INFO - Model loaded successfully from /Users/aakash/NewJourny/UpWork/Predictive-Customer-Churn-Analyzer/models/churn_model_20250222_204523.pkl
2025-02-22 20:47:47,907 - src.data.preprocessor - INFO - Starting data preparation
2025-02-22 20:47:47,911 - src.data.preprocessor - INFO - Handling missing values
2025-02-22 20:47:47,952 - src.data.preprocessor - INFO - Encoding categorical features
2025-02-22 20:47:47,961 - src.data.preprocessor - INFO - Scaling numerical features
2025-02-22 20:47:48,011 - src.data.preprocessor - INFO - Data preparation completed successfully
2025-02-22 20:47:48,046 - src.models.model_trainer - INFO - Generating SHAP values for predictions
2025-02-22 20:47:48,070 - src.models.model_trainer - ERROR - Error in getting feature importance: All arrays must be of the same length
2025-02-22 20:47:48,073 - __main__ - ERROR - Error in single prediction: All arrays must be of the same length
2025-02-22 20:47:48,073 - __main__ - ERROR - Error in single prediction: All arrays must be of the same length
2025-02-22 20:48:04,711 - src.models.model_trainer - INFO - Model loaded successfully from /Users/aakash/NewJourny/UpWork/Predictive-Customer-Churn-Analyzer/models/churn_model_20250222_204523.pkl
2025-02-22 20:48:04,762 - src.data.preprocessor - INFO - Starting data preparation
2025-02-22 20:48:04,764 - src.data.preprocessor - INFO - Handling missing values
2025-02-22 20:48:04,775 - src.data.preprocessor - INFO - Encoding categorical features
2025-02-22 20:48:04,804 - src.data.preprocessor - INFO - Scaling numerical features
2025-02-22 20:48:04,818 - src.data.preprocessor - INFO - Data preparation completed successfully
2025-02-22 20:48:04,846 - src.models.model_trainer - INFO - Generating SHAP values for predictions
2025-02-22 20:48:04,867 - src.models.model_trainer - ERROR - Error in getting feature importance: All arrays must be of the same length
2025-02-22 20:48:04,869 - __main__ - ERROR - Error in single prediction: All arrays must be of the same length
2025-02-22 20:48:04,869 - __main__ - ERROR - Error in single prediction: All arrays must be of the same length
2025-02-22 20:48:04,869 - __main__ - ERROR - Error in single prediction: All arrays must be of the same length
2025-02-22 20:48:12,933 - src.models.model_trainer - INFO - Model loaded successfully from /Users/aakash/NewJourny/UpWork/Predictive-Customer-Churn-Analyzer/models/churn_model_20250222_204523.pkl
2025-02-22 20:48:12,947 - src.data.preprocessor - INFO - Starting data preparation
2025-02-22 20:48:12,949 - src.data.preprocessor - INFO - Handling missing values
2025-02-22 20:48:12,959 - src.data.preprocessor - INFO - Encoding categorical features
2025-02-22 20:48:12,964 - src.data.preprocessor - INFO - Scaling numerical features
2025-02-22 20:48:12,974 - src.data.preprocessor - INFO - Data preparation completed successfully
2025-02-22 20:48:13,004 - src.models.model_trainer - INFO - Generating SHAP values for predictions
2025-02-22 20:48:13,045 - src.models.model_trainer - ERROR - Error in getting feature importance: All arrays must be of the same length
2025-02-22 20:48:13,047 - __main__ - ERROR - Error in single prediction: All arrays must be of the same length
2025-02-22 20:48:13,047 - __main__ - ERROR - Error in single prediction: All arrays must be of the same length
2025-02-22 20:48:13,047 - __main__ - ERROR - Error in single prediction: All arrays must be of the same length
2025-02-22 20:48:13,047 - __main__ - ERROR - Error in single prediction: All arrays must be of the same length
2025-02-22 20:48:14,233 - src.models.model_trainer - INFO - Model loaded successfully from /Users/aakash/NewJourny/UpWork/Predictive-Customer-Churn-Analyzer/models/churn_model_20250222_204523.pkl
2025-02-22 20:48:14,248 - src.data.preprocessor - INFO - Starting data preparation
2025-02-22 20:48:14,249 - src.data.preprocessor - INFO - Handling missing values
2025-02-22 20:48:14,260 - src.data.preprocessor - INFO - Encoding categorical features
2025-02-22 20:48:14,264 - src.data.preprocessor - INFO - Scaling numerical features
2025-02-22 20:48:14,273 - src.data.preprocessor - INFO - Data preparation completed successfully
2025-02-22 20:48:14,301 - src.models.model_trainer - INFO - Generating SHAP values for predictions
2025-02-22 20:48:14,323 - src.models.model_trainer - ERROR - Error in getting feature importance: All arrays must be of the same length
2025-02-22 20:48:14,324 - __main__ - ERROR - Error in single prediction: All arrays must be of the same length
2025-02-22 20:48:14,324 - __main__ - ERROR - Error in single prediction: All arrays must be of the same length
2025-02-22 20:48:14,324 - __main__ - ERROR - Error in single prediction: All arrays must be of the same length
2025-02-22 20:48:14,324 - __main__ - ERROR - Error in single prediction: All arrays must be of the same length
2025-02-22 20:48:14,324 - __main__ - ERROR - Error in single prediction: All arrays must be of the same length
2025-02-22 20:48:17,054 - src.models.model_trainer - INFO - Model loaded successfully from /Users/aakash/NewJourny/UpWork/Predictive-Customer-Churn-Analyzer/models/churn_model_20250222_204523.pkl
2025-02-22 20:48:27,590 - src.models.model_trainer - INFO - Model loaded successfully from /Users/aakash/NewJourny/UpWork/Predictive-Customer-Churn-Analyzer/models/churn_model_20250222_204523.pkl
2025-02-22 20:48:27,602 - src.data.preprocessor - INFO - Starting data preparation
2025-02-22 20:48:27,602 - src.data.preprocessor - INFO - Handling missing values
2025-02-22 20:48:27,612 - src.data.preprocessor - INFO - Encoding categorical features
2025-02-22 20:48:27,616 - src.data.preprocessor - INFO - Scaling numerical features
2025-02-22 20:48:27,626 - src.data.preprocessor - INFO - Data preparation completed successfully
2025-02-22 20:48:27,652 - src.models.model_trainer - INFO - Generating SHAP values for predictions
2025-02-22 20:48:27,672 - src.models.model_trainer - ERROR - Error in getting feature importance: All arrays must be of the same length
2025-02-22 20:48:27,674 - __main__ - ERROR - Error in single prediction: All arrays must be of the same length
2025-02-22 20:48:27,674 - __main__ - ERROR - Error in single prediction: All arrays must be of the same length
2025-02-22 20:48:27,674 - __main__ - ERROR - Error in single prediction: All arrays must be of the same length
2025-02-22 20:48:27,674 - __main__ - ERROR - Error in single prediction: All arrays must be of the same length
2025-02-22 20:48:27,674 - __main__ - ERROR - Error in single prediction: All arrays must be of the same length
2025-02-22 20:48:27,674 - __main__ - ERROR - Error in single prediction: All arrays must be of the same length
2025-02-22 20:48:27,674 - __main__ - ERROR - Error in single prediction: All arrays must be of the same length
2025-02-22 20:54:16,023 - __main__ - INFO - Loading raw data
2025-02-22 20:54:16,047 - __main__ - INFO - Loaded dataset with shape: (7043, 21)
2025-02-22 20:54:16,047 - __main__ - INFO - Creating initial data visualizations
2025-02-22 20:54:16,047 - src.visualization.visualizer - INFO - Plotting feature distributions
2025-02-22 20:57:41,569 - src.models.model_trainer - INFO - Model loaded successfully from /Users/aakash/NewJourny/UpWork/Predictive-Customer-Churn-Analyzer/models/churn_model_20250222_204523.pkl
2025-02-22 20:57:54,563 - src.models.model_trainer - INFO - Model loaded successfully from /Users/aakash/NewJourny/UpWork/Predictive-Customer-Churn-Analyzer/models/churn_model_20250222_204523.pkl
2025-02-22 20:57:54,572 - __main__ - ERROR - Error in single prediction: 'DataPreprocessor' object has no attribute 'CATEGORICAL_FEATURES'
2025-02-22 20:57:54,572 - __main__ - ERROR - Error in single prediction: 'DataPreprocessor' object has no attribute 'CATEGORICAL_FEATURES'
2025-02-22 20:57:57,215 - src.models.model_trainer - INFO - Model loaded successfully from /Users/aakash/NewJourny/UpWork/Predictive-Customer-Churn-Analyzer/models/churn_model_20250222_204523.pkl
2025-02-22 20:57:57,221 - __main__ - ERROR - Error in single prediction: 'DataPreprocessor' object has no attribute 'CATEGORICAL_FEATURES'
2025-02-22 20:57:57,221 - __main__ - ERROR - Error in single prediction: 'DataPreprocessor' object has no attribute 'CATEGORICAL_FEATURES'
2025-02-22 20:57:57,221 - __main__ - ERROR - Error in single prediction: 'DataPreprocessor' object has no attribute 'CATEGORICAL_FEATURES'
2025-02-22 20:59:12,093 - __main__ - INFO - Loading raw data
2025-02-22 20:59:12,117 - __main__ - INFO - Loaded dataset with shape: (7043, 21)
2025-02-22 20:59:12,117 - __main__ - INFO - Creating initial data visualizations
2025-02-22 20:59:12,117 - src.visualization.visualizer - INFO - Plotting feature distributions
2025-02-22 20:59:28,163 - __main__ - INFO - Loading raw data
2025-02-22 20:59:28,195 - __main__ - INFO - Loaded dataset with shape: (7043, 21)
2025-02-22 20:59:28,195 - __main__ - INFO - Creating initial data visualizations
2025-02-22 20:59:28,196 - src.visualization.visualizer - INFO - Plotting feature distributions
2025-02-22 21:00:24,050 - src.visualization.visualizer - INFO - Plotting correlation matrix
2025-02-22 21:00:24,328 - __main__ - INFO - Preprocessing data
2025-02-22 21:00:24,328 - src.data.preprocessor - INFO - Starting data preparation
2025-02-22 21:00:24,330 - src.data.preprocessor - INFO - Handling missing values
2025-02-22 21:00:24,376 - src.data.preprocessor - INFO - Encoding categorical features
2025-02-22 21:00:24,395 - src.data.preprocessor - INFO - Scaling numerical features
2025-02-22 21:00:24,399 - src.data.preprocessor - INFO - Data preparation completed successfully
2025-02-22 21:00:24,400 - src.data.preprocessor - INFO - Splitting data into train and test sets
2025-02-22 21:00:24,407 - __main__ - INFO - Training set shape: (5634, 13), Test set shape: (1409, 13)
2025-02-22 21:00:24,407 - __main__ - INFO - Initializing model
2025-02-22 21:00:24,407 - __main__ - INFO - Training model
2025-02-22 21:00:24,407 - src.models.model_trainer - INFO - Starting model training
2025-02-22 21:00:27,233 - src.models.model_trainer - INFO - Model training completed successfully
2025-02-22 21:00:27,233 - __main__ - INFO - Evaluating model
2025-02-22 21:00:27,233 - src.models.model_trainer - INFO - Evaluating model performance
2025-02-22 21:00:27,272 - src.models.model_trainer - INFO - Model evaluation metrics: {'accuracy': 0.7934705464868701, 'precision': 0.6378737541528239, 'recall': 0.5133689839572193, 'f1_score': 0.5688888888888889, 'roc_auc': np.float64(0.8347541915316851)}
2025-02-22 21:00:27,276 - src.visualization.visualizer - INFO - Plotting feature importance
2025-02-22 21:00:27,536 - __main__ - INFO - Generating SHAP values
2025-02-22 21:00:27,536 - src.models.model_trainer - INFO - Generating SHAP values for predictions
2025-02-22 21:00:31,568 - src.visualization.visualizer - INFO - Creating SHAP summary plot
2025-02-22 21:00:32,166 - src.visualization.visualizer - INFO - Plotting model metrics
2025-02-22 21:00:32,427 - src.models.model_trainer - INFO - Model saved successfully to /Users/aakash/NewJourny/UpWork/Predictive-Customer-Churn-Analyzer/models/churn_model_20250222_210032.pkl
2025-02-22 21:00:32,427 - __main__ - INFO - Model training completed. Model saved at: /Users/aakash/NewJourny/UpWork/Predictive-Customer-Churn-Analyzer/models/churn_model_20250222_210032.pkl
2025-02-22 21:00:32,427 - __main__ - INFO - Model metrics: {'accuracy': 0.7934705464868701, 'precision': 0.6378737541528239, 'recall': 0.5133689839572193, 'f1_score': 0.5688888888888889, 'roc_auc': np.float64(0.8347541915316851)}
2025-02-22 21:00:43,879 - src.visualization.visualizer - INFO - Plotting correlation matrix
2025-02-22 21:00:44,103 - __main__ - INFO - Preprocessing data
2025-02-22 21:00:44,103 - src.data.preprocessor - INFO - Starting data preparation
2025-02-22 21:00:44,104 - src.data.preprocessor - INFO - Handling missing values
2025-02-22 21:00:44,131 - src.data.preprocessor - INFO - Encoding categorical features
2025-02-22 21:00:44,142 - src.data.preprocessor - INFO - Scaling numerical features
2025-02-22 21:00:44,145 - src.data.preprocessor - INFO - Data preparation completed successfully
2025-02-22 21:00:44,145 - src.data.preprocessor - INFO - Splitting data into train and test sets
2025-02-22 21:00:44,149 - __main__ - INFO - Training set shape: (5634, 13), Test set shape: (1409, 13)
2025-02-22 21:00:44,149 - __main__ - INFO - Initializing model
2025-02-22 21:00:44,149 - __main__ - INFO - Training model
2025-02-22 21:00:44,149 - src.models.model_trainer - INFO - Starting model training
2025-02-22 21:00:46,035 - src.models.model_trainer - INFO - Model training completed successfully
2025-02-22 21:00:46,035 - __main__ - INFO - Evaluating model
2025-02-22 21:00:46,036 - src.models.model_trainer - INFO - Evaluating model performance
2025-02-22 21:00:46,060 - src.models.model_trainer - INFO - Model evaluation metrics: {'accuracy': 0.7934705464868701, 'precision': 0.6378737541528239, 'recall': 0.5133689839572193, 'f1_score': 0.5688888888888889, 'roc_auc': np.float64(0.8347541915316851)}
2025-02-22 21:00:46,062 - src.visualization.visualizer - INFO - Plotting feature importance
2025-02-22 21:00:46,237 - __main__ - INFO - Generating SHAP values
2025-02-22 21:00:46,237 - src.models.model_trainer - INFO - Generating SHAP values for predictions
2025-02-22 21:00:49,367 - src.visualization.visualizer - INFO - Creating SHAP summary plot
2025-02-22 21:00:49,853 - src.visualization.visualizer - INFO - Plotting model metrics
2025-02-22 21:00:50,045 - src.models.model_trainer - INFO - Model saved successfully to /Users/aakash/NewJourny/UpWork/Predictive-Customer-Churn-Analyzer/models/churn_model_20250222_210050.pkl
2025-02-22 21:00:50,046 - __main__ - INFO - Model training completed. Model saved at: /Users/aakash/NewJourny/UpWork/Predictive-Customer-Churn-Analyzer/models/churn_model_20250222_210050.pkl
2025-02-22 21:00:50,046 - __main__ - INFO - Model metrics: {'accuracy': 0.7934705464868701, 'precision': 0.6378737541528239, 'recall': 0.5133689839572193, 'f1_score': 0.5688888888888889, 'roc_auc': np.float64(0.8347541915316851)}
2025-02-22 21:01:24,240 - __main__ - INFO - Loading raw data
2025-02-22 21:01:24,261 - __main__ - INFO - Loaded dataset with shape: (7043, 21)
2025-02-22 21:01:24,261 - __main__ - INFO - Creating initial data visualizations
2025-02-22 21:01:24,261 - src.visualization.visualizer - INFO - Plotting feature distributions
2025-02-22 21:01:54,356 - src.models.model_trainer - INFO - Model loaded successfully from /Users/aakash/NewJourny/UpWork/Predictive-Customer-Churn-Analyzer/models/churn_model_20250222_210050.pkl
2025-02-22 21:02:08,932 - src.models.model_trainer - INFO - Model loaded successfully from /Users/aakash/NewJourny/UpWork/Predictive-Customer-Churn-Analyzer/models/churn_model_20250222_210050.pkl
2025-02-22 21:02:08,936 - src.data.preprocessor - INFO - Starting data preparation
2025-02-22 21:02:08,937 - src.data.preprocessor - INFO - Handling missing values
2025-02-22 21:02:08,940 - src.data.preprocessor - INFO - Encoding categorical features
2025-02-22 21:02:08,942 - src.data.preprocessor - INFO - Scaling numerical features
2025-02-22 21:02:08,944 - src.data.preprocessor - INFO - Data preparation completed successfully
2025-02-22 21:02:08,951 - src.models.model_trainer - INFO - Generating SHAP values for predictions
2025-02-22 21:02:08,965 - src.models.model_trainer - ERROR - Error in getting feature importance: All arrays must be of the same length
2025-02-22 21:02:08,965 - __main__ - ERROR - Error in single prediction: All arrays must be of the same length
2025-02-22 21:02:08,965 - __main__ - ERROR - Error in single prediction: All arrays must be of the same length
